[INFO] Scanning for projects...
[WARNING] 
[WARNING] Some problems were encountered while building the effective model for com.qlangtech.tis:tis-plugin:jar:2.3.0
[WARNING] 'dependencies.dependency.(groupId:artifactId:type:classifier)' must be unique: commons-io:commons-io:jar -> duplicate declaration of version (?) @ line 119, column 21
[WARNING] 'dependencies.dependency.(groupId:artifactId:type:classifier)' must be unique: com.thoughtworks.xstream:xstream:jar -> duplicate declaration of version (?) @ line 124, column 21
[WARNING] 
[WARNING] Some problems were encountered while building the effective model for com.qlangtech.tis:tis-solrcore-extend:jar:2.3.0
[WARNING] 'dependencies.dependency.(groupId:artifactId:type:classifier)' must be unique: com.qlangtech.tis:tis-solr-core:jar -> duplicate declaration of version (?) @ line 123, column 21
[WARNING] 
[WARNING] Some problems were encountered while building the effective model for com.qlangtech.tis:tis-index-builder:jar:2.3.0
[WARNING] 'dependencies.dependency.(groupId:artifactId:type:classifier)' must be unique: commons-lang:commons-lang:jar -> duplicate declaration of version (?) @ line 84, column 21
[WARNING] 
[WARNING] It is highly recommended to fix these problems because they threaten the stability of your build.
[WARNING] 
[WARNING] For this reason, future Maven versions might no longer support building such malformed projects.
[WARNING] 
[INFO] ------------------------------------------------------------------------
[INFO] Reactor Build Order:
[INFO] 
[INFO] tis-solr-parent                                                    [pom]
[INFO] xmodifier                                                          [jar]
[INFO] tis-builder-api                                                    [jar]
[INFO] tis-manage-pojo                                                    [jar]
[INFO] tis-solrj-client                                                   [jar]
[INFO] tis-hadoop-rpc                                                     [jar]
[INFO] tis-solrconfig-parser                                              [jar]
[INFO] tis-common                                                         [jar]
[INFO] tis-plugin                                                         [jar]
[INFO] tis-base-test                                                      [jar]
[INFO] tis-web-start                                                      [jar]
[INFO] tis-common-dao                                                     [jar]
[INFO] tis-realtime-base                                                  [jar]
[INFO] tis-sql-parser                                                     [jar]
[INFO] tis-dag                                                            [jar]
[INFO] tis-datax-executor                                                 [jar]
[INFO] tis-assemble                                                       [jar]
[INFO] tis-ds-dump                                                        [jar]
[INFO] tis-solrcore-extend                                                [jar]
[INFO] tis-index-builder                                                  [jar]
[INFO] tis-collection-info-collect                                        [jar]
[INFO] tis-scala-compiler                                                 [jar]
[INFO] tis-console                                                        [jar]
[INFO] solr-webapp Maven Webapp                                           [jar]
[INFO] tis-scala-compiler-dependencies                                    [jar]
[INFO] maven-tpi-plugin                                          [maven-plugin]
[INFO] 
[INFO] -----------------< com.qlangtech.tis:tis-solr-parent >------------------
[INFO] Building tis-solr-parent 2.3.0                                    [1/26]
[INFO] --------------------------------[ pom ]---------------------------------
[INFO] 
[INFO] --------------------< com.qlangtech.tis:xmodifier >---------------------
[INFO] Building xmodifier 2.3.0                                          [2/26]
[INFO] --------------------------------[ jar ]---------------------------------
[INFO] 
[INFO] --- maven-resources-plugin:2.6:resources (default-resources) @ xmodifier ---
[INFO] Using 'UTF-8' encoding to copy filtered resources.
[INFO] skip non existing resourceDirectory /Users/mozhenghua/j2ee_solution/project/tis-solr/xmodifier/src/main/resources
[INFO] 
[INFO] --- maven-compiler-plugin:3.3:compile (default-compile) @ xmodifier ---
[INFO] Nothing to compile - all classes are up to date
[INFO] 
[INFO] --- maven-resources-plugin:2.6:resources (default-resources) @ xmodifier ---
[INFO] Using 'UTF-8' encoding to copy filtered resources.
[INFO] skip non existing resourceDirectory /Users/mozhenghua/j2ee_solution/project/tis-solr/xmodifier/src/main/resources
[INFO] 
[INFO] --- maven-compiler-plugin:3.3:compile (default-compile) @ xmodifier ---
[INFO] Nothing to compile - all classes are up to date
[INFO] 
[INFO] --- maven-resources-plugin:2.6:testResources (default-testResources) @ xmodifier ---
[INFO] Using 'UTF-8' encoding to copy filtered resources.
[INFO] Copying 14 resources
[INFO] 
[INFO] --- maven-compiler-plugin:3.3:testCompile (default-testCompile) @ xmodifier ---
[INFO] Nothing to compile - all classes are up to date
[INFO] 
[INFO] --- maven-surefire-plugin:2.8:test (default-test) @ xmodifier ---
[INFO] Surefire report directory: /Users/mozhenghua/j2ee_solution/project/tis-solr/xmodifier/target/surefire-reports

-------------------------------------------------------
 T E S T S
-------------------------------------------------------
Running TestAll
Tests run: 1, Failures: 0, Errors: 0, Skipped: 0, Time elapsed: 0.175 sec

Results :

Tests run: 1, Failures: 0, Errors: 0, Skipped: 0

[INFO] 
[INFO] -----------------< com.qlangtech.tis:tis-builder-api >------------------
[INFO] Building tis-builder-api 2.3.0                                    [3/26]
[INFO] --------------------------------[ jar ]---------------------------------
[INFO] 
[INFO] --- maven-resources-plugin:2.6:resources (default-resources) @ tis-builder-api ---
[INFO] Using 'UTF-8' encoding to copy filtered resources.
[INFO] skip non existing resourceDirectory /Users/mozhenghua/j2ee_solution/project/tis-solr/tis-builder-api/src/main/resources
[INFO] 
[INFO] --- maven-compiler-plugin:3.3:compile (default-compile) @ tis-builder-api ---
[INFO] Nothing to compile - all classes are up to date
[INFO] 
[INFO] --- maven-resources-plugin:2.6:resources (default-resources) @ tis-builder-api ---
[INFO] Using 'UTF-8' encoding to copy filtered resources.
[INFO] skip non existing resourceDirectory /Users/mozhenghua/j2ee_solution/project/tis-solr/tis-builder-api/src/main/resources
[INFO] 
[INFO] --- maven-compiler-plugin:3.3:compile (default-compile) @ tis-builder-api ---
[INFO] Nothing to compile - all classes are up to date
[INFO] 
[INFO] --- maven-resources-plugin:2.6:testResources (default-testResources) @ tis-builder-api ---
[INFO] Using 'UTF-8' encoding to copy filtered resources.
[INFO] skip non existing resourceDirectory /Users/mozhenghua/j2ee_solution/project/tis-solr/tis-builder-api/src/test/resources
[INFO] 
[INFO] --- maven-compiler-plugin:3.3:testCompile (default-testCompile) @ tis-builder-api ---
[INFO] Nothing to compile - all classes are up to date
[INFO] 
[INFO] --- maven-surefire-plugin:2.8:test (default-test) @ tis-builder-api ---
[INFO] Surefire report directory: /Users/mozhenghua/j2ee_solution/project/tis-solr/tis-builder-api/target/surefire-reports

-------------------------------------------------------
 T E S T S
-------------------------------------------------------
There are no tests to run.

Results :

Tests run: 0, Failures: 0, Errors: 0, Skipped: 0

[INFO] 
[INFO] -----------------< com.qlangtech.tis:tis-manage-pojo >------------------
[INFO] Building tis-manage-pojo 2.3.0                                    [4/26]
[INFO] --------------------------------[ jar ]---------------------------------
[INFO] 
[INFO] --- maven-resources-plugin:2.6:resources (default-resources) @ tis-manage-pojo ---
[INFO] Using 'UTF-8' encoding to copy filtered resources.
[INFO] Copying 2 resources
[INFO] 
[INFO] --- maven-compiler-plugin:3.3:compile (default-compile) @ tis-manage-pojo ---
[INFO] Nothing to compile - all classes are up to date
[INFO] 
[INFO] --- maven-resources-plugin:2.6:resources (default-resources) @ tis-manage-pojo ---
[INFO] Using 'UTF-8' encoding to copy filtered resources.
[INFO] Copying 2 resources
[INFO] 
[INFO] --- maven-compiler-plugin:3.3:compile (default-compile) @ tis-manage-pojo ---
[INFO] Nothing to compile - all classes are up to date
[INFO] 
[INFO] --- maven-resources-plugin:2.6:testResources (default-testResources) @ tis-manage-pojo ---
[INFO] Using 'UTF-8' encoding to copy filtered resources.
[INFO] Copying 1 resource
[INFO] 
[INFO] --- maven-compiler-plugin:3.3:testCompile (default-testCompile) @ tis-manage-pojo ---
[INFO] Nothing to compile - all classes are up to date
[INFO] 
[INFO] --- maven-surefire-plugin:2.8:test (default-test) @ tis-manage-pojo ---
[INFO] Surefire report directory: /Users/mozhenghua/j2ee_solution/project/tis-solr/tis-manage-pojo/target/surefire-reports

-------------------------------------------------------
 T E S T S
-------------------------------------------------------
Running TestAll
15:29:59.644 [main] INFO  c.q.tis.manage.common.CenterResource - notFetchFromCenterRepository:false
15:29:59.651 [main] WARN  c.q.tis.manage.common.CenterResource - remote file not exist:http://192.168.28.200:8080/tjs/config/stream_script_repo.action?path=cfg_repo%2Ftis_plugin_config%2Fcom.qlangtech.tis.plugin.incr.IncrStreamFactory.xml,local:
Tests run: 1, Failures: 0, Errors: 0, Skipped: 0, Time elapsed: 0.162 sec

Results :

Tests run: 1, Failures: 0, Errors: 0, Skipped: 0

[INFO] 
[INFO] -----------------< com.qlangtech.tis:tis-solrj-client >-----------------
[INFO] Building tis-solrj-client 2.3.0                                   [5/26]
[INFO] --------------------------------[ jar ]---------------------------------
[INFO] 
[INFO] --- maven-resources-plugin:2.6:resources (default-resources) @ tis-solrj-client ---
[INFO] Using 'UTF-8' encoding to copy filtered resources.
[INFO] skip non existing resourceDirectory /Users/mozhenghua/j2ee_solution/project/tis-solr/tis-solrj-client/src/main/resources
[INFO] 
[INFO] --- maven-compiler-plugin:3.3:compile (default-compile) @ tis-solrj-client ---
[INFO] Nothing to compile - all classes are up to date
[INFO] 
[INFO] --- maven-resources-plugin:2.6:resources (default-resources) @ tis-solrj-client ---
[INFO] Using 'UTF-8' encoding to copy filtered resources.
[INFO] skip non existing resourceDirectory /Users/mozhenghua/j2ee_solution/project/tis-solr/tis-solrj-client/src/main/resources
[INFO] 
[INFO] --- maven-compiler-plugin:3.3:compile (default-compile) @ tis-solrj-client ---
[INFO] Nothing to compile - all classes are up to date
[INFO] 
[INFO] --- maven-resources-plugin:2.6:testResources (default-testResources) @ tis-solrj-client ---
[INFO] Using 'UTF-8' encoding to copy filtered resources.
[INFO] Copying 5 resources
[INFO] 
[INFO] --- maven-compiler-plugin:3.3:testCompile (default-testCompile) @ tis-solrj-client ---
[INFO] Nothing to compile - all classes are up to date
[INFO] 
[INFO] --- maven-surefire-plugin:2.8:test (default-test) @ tis-solrj-client ---
[INFO] Surefire report directory: /Users/mozhenghua/j2ee_solution/project/tis-solr/tis-solrj-client/target/surefire-reports

-------------------------------------------------------
 T E S T S
-------------------------------------------------------
Running TestAll
Tests run: 0, Failures: 0, Errors: 0, Skipped: 0, Time elapsed: 0.025 sec
There are no tests to run.

Results :

Tests run: 0, Failures: 0, Errors: 0, Skipped: 0

[INFO] 
[INFO] ------------------< com.qlangtech.tis:tis-hadoop-rpc >------------------
[INFO] Building tis-hadoop-rpc 2.3.0                                     [6/26]
[INFO] --------------------------------[ jar ]---------------------------------
[WARNING] The metadata /Users/mozhenghua/j2ee_solution/mvn_repository/io/grpc/grpc-core/maven-metadata-rdc-releases.xml is invalid: input contained no data
[WARNING] The metadata /Users/mozhenghua/j2ee_solution/mvn_repository/io/grpc/grpc-core/maven-metadata-rdc-snapshots.xml is invalid: input contained no data
[WARNING] The metadata /Users/mozhenghua/j2ee_solution/mvn_repository/io/grpc/grpc-api/maven-metadata-rdc-releases.xml is invalid: input contained no data
[WARNING] The metadata /Users/mozhenghua/j2ee_solution/mvn_repository/io/grpc/grpc-api/maven-metadata-rdc-snapshots.xml is invalid: input contained no data
[INFO] 
[INFO] --- maven-resources-plugin:2.6:resources (default-resources) @ tis-hadoop-rpc ---
[INFO] Using 'UTF-8' encoding to copy filtered resources.
[INFO] skip non existing resourceDirectory /Users/mozhenghua/j2ee_solution/project/tis-solr/tis-hadoop-rpc/src/main/resources
[INFO] 
[INFO] --- maven-compiler-plugin:3.3:compile (default-compile) @ tis-hadoop-rpc ---
[INFO] Nothing to compile - all classes are up to date
[INFO] 
[INFO] --- maven-resources-plugin:2.6:resources (default-resources) @ tis-hadoop-rpc ---
[INFO] Using 'UTF-8' encoding to copy filtered resources.
[INFO] skip non existing resourceDirectory /Users/mozhenghua/j2ee_solution/project/tis-solr/tis-hadoop-rpc/src/main/resources
[INFO] 
[INFO] --- maven-compiler-plugin:3.3:compile (default-compile) @ tis-hadoop-rpc ---
[INFO] Nothing to compile - all classes are up to date
[INFO] 
[INFO] --- maven-resources-plugin:2.6:testResources (default-testResources) @ tis-hadoop-rpc ---
[INFO] Using 'UTF-8' encoding to copy filtered resources.
[INFO] Copying 1 resource
[INFO] 
[INFO] --- maven-compiler-plugin:3.3:testCompile (default-testCompile) @ tis-hadoop-rpc ---
[INFO] Nothing to compile - all classes are up to date
[INFO] 
[INFO] --- maven-surefire-plugin:2.8:test (default-test) @ tis-hadoop-rpc ---
[INFO] Surefire report directory: /Users/mozhenghua/j2ee_solution/project/tis-solr/tis-hadoop-rpc/target/surefire-reports

-------------------------------------------------------
 T E S T S
-------------------------------------------------------
java.lang.reflect.UndeclaredThrowableException
	at com.sun.proxy.$Proxy0.invoke(Unknown Source)
	at org.apache.maven.surefire.booter.SurefireStarter.invokeProvider(SurefireStarter.java:150)
	at org.apache.maven.surefire.booter.SurefireStarter.runSuitesInProcess(SurefireStarter.java:91)
	at org.apache.maven.surefire.booter.ForkedBooter.main(ForkedBooter.java:69)
Caused by: java.lang.reflect.InvocationTargetException
	at sun.reflect.NativeMethodAccessorImpl.invoke0(Native Method)
	at sun.reflect.NativeMethodAccessorImpl.invoke(NativeMethodAccessorImpl.java:62)
	at sun.reflect.DelegatingMethodAccessorImpl.invoke(DelegatingMethodAccessorImpl.java:43)
	at java.lang.reflect.Method.invoke(Method.java:498)
	at org.apache.maven.surefire.booter.ProviderFactory$ClassLoaderProxy.invoke(ProviderFactory.java:103)
	... 4 more
Caused by: org.apache.maven.surefire.util.NestedRuntimeException: When finding method run; nested exception is java.lang.NoSuchMethodException: TestAll.run(junit.framework.TestResult)
	at org.apache.maven.surefire.common.junit3.JUnit3Reflector.getMethod(JUnit3Reflector.java:114)
	at org.apache.maven.surefire.common.junit3.JUnit3Reflector.getRunMethod(JUnit3Reflector.java:210)
	at org.apache.maven.surefire.junit.JUnitTestSet.<init>(JUnitTestSet.java:70)
	at org.apache.maven.surefire.junit.JUnit3Provider.createTestSet(JUnit3Provider.java:94)
	at org.apache.maven.surefire.junit.JUnit3Provider.invoke(JUnit3Provider.java:84)
	... 9 more
Caused by: java.lang.NoSuchMethodException: TestAll.run(junit.framework.TestResult)
	at java.lang.Class.getMethod(Class.java:1786)
	at org.apache.maven.surefire.common.junit3.JUnit3Reflector.getMethod(JUnit3Reflector.java:110)
	... 13 more
[INFO] ------------------------------------------------------------------------
[INFO] Reactor Summary for tis-solr-parent 2.3.0:
[INFO] 
[INFO] tis-solr-parent .................................... SUCCESS [  0.030 s]
[INFO] xmodifier .......................................... SUCCESS [  0.806 s]
[INFO] tis-builder-api .................................... SUCCESS [  0.215 s]
[INFO] tis-manage-pojo .................................... SUCCESS [  0.440 s]
[INFO] tis-solrj-client ................................... SUCCESS [  0.482 s]
[INFO] tis-hadoop-rpc ..................................... FAILURE [  0.248 s]
[INFO] tis-solrconfig-parser .............................. SKIPPED
[INFO] tis-common ......................................... SKIPPED
[INFO] tis-plugin ......................................... SKIPPED
[INFO] tis-base-test ...................................... SKIPPED
[INFO] tis-web-start ...................................... SKIPPED
[INFO] tis-common-dao ..................................... SKIPPED
[INFO] tis-realtime-base .................................. SKIPPED
[INFO] tis-sql-parser ..................................... SKIPPED
[INFO] tis-dag ............................................ SKIPPED
[INFO] tis-datax-executor ................................. SKIPPED
[INFO] tis-assemble ....................................... SKIPPED
[INFO] tis-ds-dump ........................................ SKIPPED
[INFO] tis-solrcore-extend ................................ SKIPPED
[INFO] tis-index-builder .................................. SKIPPED
[INFO] tis-collection-info-collect ........................ SKIPPED
[INFO] tis-scala-compiler ................................. SKIPPED
[INFO] tis-console ........................................ SKIPPED
[INFO] solr-webapp Maven Webapp ........................... SKIPPED
[INFO] tis-scala-compiler-dependencies .................... SKIPPED
[INFO] maven-tpi-plugin ................................... SKIPPED
[INFO] ------------------------------------------------------------------------
[INFO] BUILD FAILURE
[INFO] ------------------------------------------------------------------------
[INFO] Total time:  2.423 s
[INFO] Finished at: 2021-08-16T15:30:00+08:00
[INFO] ------------------------------------------------------------------------
[ERROR] Failed to execute goal org.apache.maven.plugins:maven-surefire-plugin:2.8:test (default-test) on project tis-hadoop-rpc: There are test failures.
[ERROR] 
[ERROR] Please refer to /Users/mozhenghua/j2ee_solution/project/tis-solr/tis-hadoop-rpc/target/surefire-reports for the individual test results.
[ERROR] -> [Help 1]
[ERROR] 
[ERROR] To see the full stack trace of the errors, re-run Maven with the -e switch.
[ERROR] Re-run Maven using the -X switch to enable full debug logging.
[ERROR] 
[ERROR] For more information about the errors and possible solutions, please read the following articles:
[ERROR] [Help 1] http://cwiki.apache.org/confluence/display/MAVEN/MojoFailureException
[ERROR] 
[ERROR] After correcting the problems, you can resume the build with the command
[ERROR]   mvn <args> -rf :tis-hadoop-rpc
